Flow report for Tank_Trouble
Fri May 06 14:41:25 2022
Quartus Prime Version 18.1.0 Build 625 09/12/2018 SJ Lite Edition


---------------------
; Table of Contents ;
---------------------
  1. Legal Notice
  2. Flow Summary
  3. Flow Settings
  4. Flow Non-Default Global Settings
  5. Flow Elapsed Time
  6. Flow OS Summary
  7. Flow Log
  8. Flow Messages
  9. Flow Suppressed Messages



----------------
; Legal Notice ;
----------------
Copyright (C) 2018  Intel Corporation. All rights reserved.
Your use of Intel Corporation's design tools, logic functions 
and other software and tools, and its AMPP partner logic 
functions, and any output files from any of the foregoing 
(including device programming or simulation files), and any 
associated documentation or information are expressly subject 
to the terms and conditions of the Intel Program License 
Subscription Agreement, the Intel Quartus Prime License Agreement,
the Intel FPGA IP License Agreement, or other applicable license
agreement, including, without limitation, that your use is for
the sole purpose of programming logic devices manufactured by
Intel and sold by Intel or its authorized distributors.  Please
refer to the applicable agreement for further details.



+----------------------------------------------------------------------------------+
; Flow Summary                                                                     ;
+------------------------------------+---------------------------------------------+
; Flow Status                        ; Successful - Fri May 06 14:41:25 2022       ;
; Quartus Prime Version              ; 18.1.0 Build 625 09/12/2018 SJ Lite Edition ;
; Revision Name                      ; Tank_Trouble                                ;
; Top-level Entity Name              ; Tank_Trouble_TL                             ;
; Family                             ; MAX 10                                      ;
; Device                             ; 10M50DAF484C7G                              ;
; Timing Models                      ; Final                                       ;
; Total logic elements               ; 15,184 / 49,760 ( 31 % )                    ;
;     Total combinational functions  ; 14,537 / 49,760 ( 29 % )                    ;
;     Dedicated logic registers      ; 3,051 / 49,760 ( 6 % )                      ;
; Total registers                    ; 3120                                        ;
; Total pins                         ; 141 / 360 ( 39 % )                          ;
; Total virtual pins                 ; 0                                           ;
; Total memory bits                  ; 1,240,064 / 1,677,312 ( 74 % )              ;
; Embedded Multiplier 9-bit elements ; 216 / 288 ( 75 % )                          ;
; Total PLLs                         ; 1 / 4 ( 25 % )                              ;
; UFM blocks                         ; 0 / 1 ( 0 % )                               ;
; ADC blocks                         ; 0 / 2 ( 0 % )                               ;
+------------------------------------+---------------------------------------------+


+-----------------------------------------+
; Flow Settings                           ;
+-------------------+---------------------+
; Option            ; Setting             ;
+-------------------+---------------------+
; Start date & time ; 05/06/2022 14:37:29 ;
; Main task         ; Compilation         ;
; Revision Name     ; Tank_Trouble        ;
+-------------------+---------------------+


+---------------------------------------------------------------------------------------------------------------------------------------------------------------+
; Flow Non-Default Global Settings                                                                                                                              ;
+-------------------------------------+--------------------------------------------------------------------+---------------+-------------------+----------------+
; Assignment Name                     ; Value                                                              ; Default Value ; Entity Name       ; Section Id     ;
+-------------------------------------+--------------------------------------------------------------------+---------------+-------------------+----------------+
; COMPILER_SIGNATURE_ID               ; 71384934998869.165186584931592                                     ; --            ; --                ; --             ;
; EDA_OUTPUT_DATA_FORMAT              ; Systemverilog Hdl                                                  ; --            ; --                ; eda_simulation ;
; EDA_SIMULATION_TOOL                 ; ModelSim-Altera (SystemVerilog)                                    ; <None>        ; --                ; --             ;
; EDA_TIME_SCALE                      ; 1 ps                                                               ; --            ; --                ; eda_simulation ;
; MAX_CORE_JUNCTION_TEMP              ; 85                                                                 ; --            ; --                ; --             ;
; MIN_CORE_JUNCTION_TEMP              ; 0                                                                  ; --            ; --                ; --             ;
; MISC_FILE                           ; files/Tank_Trouble_soc/synthesis/../Tank_Trouble_soc.cmp           ; --            ; --                ; --             ;
; MISC_FILE                           ; files/Tank_Trouble_soc/synthesis/../../Tank_Trouble_soc.qsys       ; --            ; --                ; --             ;
; MISC_FILE                           ; files/redwin_bb.v                                                  ; --            ; --                ; --             ;
; MISC_FILE                           ; files/greenwin_bb.v                                                ; --            ; --                ; --             ;
; MISC_FILE                           ; files/start_bb.v                                                   ; --            ; --                ; --             ;
; OUTPUT_IO_TIMING_FAR_END_VMEAS      ; Half Signal Swing                                                  ; --            ; --                ; --             ;
; OUTPUT_IO_TIMING_FAR_END_VMEAS      ; Half Signal Swing                                                  ; --            ; --                ; --             ;
; OUTPUT_IO_TIMING_NEAR_END_VMEAS     ; Half Vccio                                                         ; --            ; --                ; --             ;
; OUTPUT_IO_TIMING_NEAR_END_VMEAS     ; Half Vccio                                                         ; --            ; --                ; --             ;
; PARTITION_COLOR                     ; -- (Not supported for targeted family)                             ; --            ; DE10_LITE_Default ; Top            ;
; PARTITION_COLOR                     ; -- (Not supported for targeted family)                             ; --            ; Tank_Trouble_TL   ; Top            ;
; PARTITION_FITTER_PRESERVATION_LEVEL ; -- (Not supported for targeted family)                             ; --            ; DE10_LITE_Default ; Top            ;
; PARTITION_FITTER_PRESERVATION_LEVEL ; -- (Not supported for targeted family)                             ; --            ; Tank_Trouble_TL   ; Top            ;
; PARTITION_NETLIST_TYPE              ; -- (Not supported for targeted family)                             ; --            ; DE10_LITE_Default ; Top            ;
; PARTITION_NETLIST_TYPE              ; -- (Not supported for targeted family)                             ; --            ; Tank_Trouble_TL   ; Top            ;
; POWER_BOARD_THERMAL_MODEL           ; None (CONSERVATIVE)                                                ; --            ; --                ; --             ;
; POWER_PRESET_COOLING_SOLUTION       ; 23 MM HEAT SINK WITH 200 LFPM AIRFLOW                              ; --            ; --                ; --             ;
; PROJECT_OUTPUT_DIRECTORY            ; output_files                                                       ; --            ; --                ; --             ;
; SLD_FILE                            ; files/Tank_Trouble_soc/synthesis/Tank_Trouble_soc.regmap           ; --            ; --                ; --             ;
; SLD_FILE                            ; files/Tank_Trouble_soc/synthesis/Tank_Trouble_soc.debuginfo        ; --            ; --                ; --             ;
; SLD_INFO                            ; QSYS_NAME Tank_Trouble_soc HAS_SOPCINFO 1 GENERATION_ID 1651454467 ; --            ; Tank_Trouble_soc  ; --             ;
; SOPCINFO_FILE                       ; files/Tank_Trouble_soc/synthesis/../../Tank_Trouble_soc.sopcinfo   ; --            ; --                ; --             ;
; SYNTHESIS_ONLY_QIP                  ; On                                                                 ; --            ; --                ; --             ;
; TOP_LEVEL_ENTITY                    ; Tank_Trouble_TL                                                    ; Tank_Trouble  ; --                ; --             ;
+-------------------------------------+--------------------------------------------------------------------+---------------+-------------------+----------------+


+--------------------------------------------------------------------------------------------------------------------------+
; Flow Elapsed Time                                                                                                        ;
+----------------------+--------------+-------------------------+---------------------+------------------------------------+
; Module Name          ; Elapsed Time ; Average Processors Used ; Peak Virtual Memory ; Total CPU Time (on all processors) ;
+----------------------+--------------+-------------------------+---------------------+------------------------------------+
; Analysis & Synthesis ; 00:01:46     ; 1.0                     ; 5344 MB             ; 00:02:20                           ;
; Fitter               ; 00:01:26     ; 1.6                     ; 5902 MB             ; 00:03:08                           ;
; Assembler            ; 00:00:05     ; 1.0                     ; 4775 MB             ; 00:00:05                           ;
; Timing Analyzer      ; 00:00:16     ; 2.6                     ; 5009 MB             ; 00:00:39                           ;
; EDA Netlist Writer   ; 00:00:05     ; 1.0                     ; 4863 MB             ; 00:00:06                           ;
; Total                ; 00:03:38     ; --                      ; --                  ; 00:06:18                           ;
+----------------------+--------------+-------------------------+---------------------+------------------------------------+


+------------------------------------------------------------------------------------+
; Flow OS Summary                                                                    ;
+----------------------+------------------+------------+------------+----------------+
; Module Name          ; Machine Hostname ; OS Name    ; OS Version ; Processor type ;
+----------------------+------------------+------------+------------+----------------+
; Analysis & Synthesis ; DESKTOP-P678L4L  ; Windows 10 ; 10.0       ; x86_64         ;
; Fitter               ; DESKTOP-P678L4L  ; Windows 10 ; 10.0       ; x86_64         ;
; Assembler            ; DESKTOP-P678L4L  ; Windows 10 ; 10.0       ; x86_64         ;
; Timing Analyzer      ; DESKTOP-P678L4L  ; Windows 10 ; 10.0       ; x86_64         ;
; EDA Netlist Writer   ; DESKTOP-P678L4L  ; Windows 10 ; 10.0       ; x86_64         ;
+----------------------+------------------+------------+------------+----------------+


------------
; Flow Log ;
------------
quartus_map --read_settings_files=on --write_settings_files=off Tank_Trouble -c Tank_Trouble
quartus_fit --read_settings_files=off --write_settings_files=off Tank_Trouble -c Tank_Trouble
quartus_asm --read_settings_files=off --write_settings_files=off Tank_Trouble -c Tank_Trouble
quartus_sta Tank_Trouble -c Tank_Trouble
quartus_eda --read_settings_files=off --write_settings_files=off Tank_Trouble -c Tank_Trouble



